06-02-2025 08:54:47 INFO  com.core.hamason.HamasonApplication - Starting HamasonApplication using Java 21.0.4 with PID 6380 (C:\Users\manana\eclipse-workspace\hamason\target\classes started by manana in C:\Users\manana\eclipse-workspace\hamason)
06-02-2025 08:54:47 INFO  com.core.hamason.HamasonApplication - No active profile set, falling back to 1 default profile: "default"
06-02-2025 08:54:47 INFO  o.s.b.d.e.DevToolsPropertyDefaultsPostProcessor - Devtools property defaults active! Set 'spring.devtools.add-properties' to 'false' to disable
06-02-2025 08:54:48 INFO  o.s.d.r.c.RepositoryConfigurationDelegate - Multiple Spring Data modules found, entering strict repository configuration mode
06-02-2025 08:54:48 INFO  o.s.d.r.c.RepositoryConfigurationDelegate - Bootstrapping Spring Data JPA repositories in DEFAULT mode.
06-02-2025 08:54:48 INFO  o.s.d.r.c.RepositoryConfigurationDelegate - Finished Spring Data repository scanning in 64 ms. Found 3 JPA repository interfaces.
06-02-2025 08:54:48 INFO  o.s.b.w.e.tomcat.TomcatWebServer - Tomcat initialized with port 8080 (http)
06-02-2025 08:54:48 INFO  o.a.catalina.core.StandardService - Starting service [Tomcat]
06-02-2025 08:54:48 INFO  o.a.catalina.core.StandardEngine - Starting Servlet engine: [Apache Tomcat/10.1.34]
06-02-2025 08:54:49 INFO  o.a.c.c.C.[.[localhost].[/hamason] - Initializing Spring embedded WebApplicationContext
06-02-2025 08:54:49 INFO  o.s.b.w.s.c.ServletWebServerApplicationContext - Root WebApplicationContext: initialization completed in 1816 ms
06-02-2025 08:54:49 DEBUG o.s.b.w.s.ServletContextInitializerBeans - Mapping filters: springSessionRepositoryFilter urls=[/*] order=-2147483598, springSecurityFilterChain urls=[/*] order=-100, characterEncodingFilter urls=[/*] order=-2147483648, formContentFilter urls=[/*] order=-9900, requestContextFilter urls=[/*] order=-105
06-02-2025 08:54:49 DEBUG o.s.b.w.s.ServletContextInitializerBeans - Mapping servlets: dispatcherServlet urls=[/], h2Console urls=[/h2/*]
06-02-2025 08:54:49 INFO  com.zaxxer.hikari.HikariDataSource - HikariPool-1 - Starting...
06-02-2025 08:54:49 INFO  com.zaxxer.hikari.pool.HikariPool - HikariPool-1 - Added connection conn0: url=jdbc:h2:mem:hamason user=SAS
06-02-2025 08:54:49 INFO  com.zaxxer.hikari.HikariDataSource - HikariPool-1 - Start completed.
06-02-2025 08:54:49 INFO  o.h.jpa.internal.util.LogHelper - HHH000204: Processing PersistenceUnitInfo [name: default]
06-02-2025 08:54:49 INFO  org.hibernate.Version - HHH000412: Hibernate ORM core version 6.6.5.Final
06-02-2025 08:54:49 INFO  o.h.c.i.RegionFactoryInitiator - HHH000026: Second-level cache disabled
06-02-2025 08:54:49 INFO  o.s.o.j.p.SpringPersistenceUnitInfo - No LoadTimeWeaver setup: ignoring JPA class transformer
06-02-2025 08:54:50 INFO  o.hibernate.orm.connections.pooling - HHH10001005: Database info:
	Database JDBC URL [Connecting through datasource 'HikariDataSource (HikariPool-1)']
	Database driver: undefined/unknown
	Database version: 2.3.232
	Autocommit mode: undefined/unknown
	Isolation level: undefined/unknown
	Minimum pool size: undefined/unknown
	Maximum pool size: undefined/unknown
06-02-2025 08:54:51 INFO  o.h.e.t.j.p.i.JtaPlatformInitiator - HHH000489: No JTA platform available (set 'hibernate.transaction.jta.platform' to enable JTA platform integration)
06-02-2025 08:54:51 INFO  o.s.o.j.LocalContainerEntityManagerFactoryBean - Initialized JPA EntityManagerFactory for persistence unit 'default'
06-02-2025 08:54:51 INFO  o.s.s.c.a.a.c.InitializeAuthenticationProviderBeanManagerConfigurer$InitializeAuthenticationProviderManagerConfigurer - Global AuthenticationManager configured with AuthenticationProvider bean with name daoAuthenticationProvider
06-02-2025 08:54:51 WARN  o.s.s.c.a.a.c.InitializeUserDetailsBeanManagerConfigurer$InitializeUserDetailsManagerConfigurer - Global AuthenticationManager configured with an AuthenticationProvider bean. UserDetailsService beans will not be used by Spring Security for automatically configuring username/password login. Consider removing the AuthenticationProvider bean. Alternatively, consider using the UserDetailsService in a manually instantiated DaoAuthenticationProvider. If the current configuration is intentional, to turn off this warning, increase the logging level of 'org.springframework.security.config.annotation.authentication.configuration.InitializeUserDetailsBeanManagerConfigurer' to ERROR
06-02-2025 08:54:51 INFO  o.s.b.a.w.s.WelcomePageHandlerMapping - Adding welcome page template: index
06-02-2025 08:54:51 DEBUG o.s.w.s.m.m.a.RequestMappingHandlerMapping - 9 mappings in 'requestMappingHandlerMapping'
06-02-2025 08:54:51 DEBUG o.s.w.s.h.SimpleUrlHandlerMapping - Patterns [/webjars/**, /**] in 'resourceHandlerMapping'
06-02-2025 08:54:51 INFO  c.c.hamason.config.WebSecurityConfig - *********** httpSecurity.getSharedObjects()= {interface org.springframework.context.ApplicationContext=org.springframework.boot.web.servlet.context.AnnotationConfigServletWebServerApplicationContext@491d919b, started on Thu Feb 06 08:54:47 CET 2025, class org.springframework.security.config.annotation.authentication.builders.AuthenticationManagerBuilder=org.springframework.security.config.annotation.web.configuration.HttpSecurityConfiguration$DefaultPasswordEncoderAuthenticationManagerBuilder@50fa7080, interface org.springframework.web.accept.ContentNegotiationStrategy=org.springframework.web.accept.ContentNegotiationManager@f712bc1}
06-02-2025 08:54:52 DEBUG o.s.w.s.m.m.a.RequestMappingHandlerAdapter - ControllerAdvice beans: 0 @ModelAttribute, 0 @InitBinder, 1 RequestBodyAdvice, 1 ResponseBodyAdvice
06-02-2025 08:54:52 DEBUG o.s.w.s.m.m.a.ExceptionHandlerExceptionResolver - ControllerAdvice beans: 0 @ExceptionHandler, 1 ResponseBodyAdvice
06-02-2025 08:54:52 INFO  o.s.b.a.h.H2ConsoleAutoConfiguration - H2 console available at '/h2'. Database available at 'jdbc:h2:mem:hamason'
06-02-2025 08:54:52 INFO  o.s.b.d.a.OptionalLiveReloadServer - LiveReload server is running on port 35729
06-02-2025 08:54:52 INFO  o.s.b.w.e.tomcat.TomcatWebServer - Tomcat started on port 8080 (http) with context path '/hamason'
06-02-2025 08:54:52 INFO  com.core.hamason.HamasonApplication - Started HamasonApplication in 6.024 seconds (process running for 6.908)
06-02-2025 08:55:04 INFO  o.a.c.c.C.[.[localhost].[/hamason] - Initializing Spring DispatcherServlet 'dispatcherServlet'
06-02-2025 08:55:04 INFO  o.s.web.servlet.DispatcherServlet - Initializing Servlet 'dispatcherServlet'
06-02-2025 08:55:04 DEBUG o.s.web.servlet.DispatcherServlet - Detected StandardServletMultipartResolver
06-02-2025 08:55:04 DEBUG o.s.web.servlet.DispatcherServlet - Detected SessionLocaleResolver
06-02-2025 08:55:04 DEBUG o.s.web.servlet.DispatcherServlet - Detected FixedThemeResolver
06-02-2025 08:55:04 DEBUG o.s.web.servlet.DispatcherServlet - Detected org.springframework.web.servlet.view.DefaultRequestToViewNameTranslator@5b969c3f
06-02-2025 08:55:04 DEBUG o.s.web.servlet.DispatcherServlet - Detected org.springframework.web.servlet.support.SessionFlashMapManager@2e63689e
06-02-2025 08:55:04 DEBUG o.s.web.servlet.DispatcherServlet - enableLoggingRequestDetails='false': request parameters and headers will be masked to prevent unsafe logging of potentially sensitive data
06-02-2025 08:55:04 INFO  o.s.web.servlet.DispatcherServlet - Completed initialization in 2 ms
06-02-2025 08:55:04 DEBUG o.s.web.servlet.DispatcherServlet - GET "/hamason/", parameters={}
06-02-2025 08:55:04 DEBUG o.s.w.s.v.ContentNegotiatingViewResolver - Selected 'text/html' given [text/html, application/xhtml+xml, image/avif, image/webp, image/apng, application/xml;q=0.9, */*;q=0.8, application/signed-exchange;v=b3;q=0.7]
06-02-2025 08:55:04 DEBUG o.s.web.servlet.DispatcherServlet - Completed 200 OK
06-02-2025 08:55:04 DEBUG o.s.web.servlet.DispatcherServlet - GET "/hamason/css/styles.css", parameters={}
06-02-2025 08:55:04 DEBUG o.s.w.s.h.SimpleUrlHandlerMapping - Mapped to ResourceHttpRequestHandler [classpath [META-INF/resources/], classpath [resources/], classpath [static/], classpath [public/], ServletContext [/]]
06-02-2025 08:55:04 DEBUG o.s.web.servlet.DispatcherServlet - GET "/hamason/js/scripts.js", parameters={}
06-02-2025 08:55:04 DEBUG o.s.w.s.h.SimpleUrlHandlerMapping - Mapped to ResourceHttpRequestHandler [classpath [META-INF/resources/], classpath [resources/], classpath [static/], classpath [public/], ServletContext [/]]
06-02-2025 08:55:04 DEBUG o.s.web.servlet.DispatcherServlet - Completed 200 OK
06-02-2025 08:55:04 DEBUG o.s.web.servlet.DispatcherServlet - Completed 200 OK
06-02-2025 08:55:05 DEBUG o.s.web.servlet.DispatcherServlet - GET "/hamason/loginGet", parameters={}
06-02-2025 08:55:05 DEBUG o.s.w.s.m.m.a.RequestMappingHandlerMapping - Mapped to com.core.hamason.controllerImpl.StartControllerImpl#loginGet(Model)
06-02-2025 08:55:05 DEBUG o.s.w.s.v.ContentNegotiatingViewResolver - Selected '*/*' given [image/avif, image/webp, image/apng, image/svg+xml, image/*, */*;q=0.8]
06-02-2025 08:55:05 DEBUG o.s.web.servlet.DispatcherServlet - Completed 200 OK
06-02-2025 08:55:32 DEBUG o.s.web.servlet.DispatcherServlet - GET "/hamason/loginGet", parameters={}
06-02-2025 08:55:32 DEBUG o.s.w.s.m.m.a.RequestMappingHandlerMapping - Mapped to com.core.hamason.controllerImpl.StartControllerImpl#loginGet(Model)
06-02-2025 08:55:32 DEBUG o.s.w.s.v.ContentNegotiatingViewResolver - Selected '*/*' given [image/avif, image/webp, image/apng, image/svg+xml, image/*, */*;q=0.8]
06-02-2025 08:55:32 DEBUG o.s.web.servlet.DispatcherServlet - Completed 200 OK
